<?xml version="1.0" encoding="UTF-8"?>
<testsuite xmlns:xsi="http://www.w3.org/2001/XMLSchema-instance" xsi:noNamespaceSchemaLocation="https://maven.apache.org/surefire/maven-surefire-plugin/xsd/surefire-test-report.xsd" name="com.poo.boot.my_boot.AppTest" time="0.003" tests="1" errors="0" skipped="0" failures="0">
  <properties>
    <property name="sun.desktop" value="windows"/>
    <property name="awt.toolkit" value="sun.awt.windows.WToolkit"/>
    <property name="file.encoding.pkg" value="sun.io"/>
    <property name="java.specification.version" value="1.8"/>
    <property name="sun.cpu.isalist" value="amd64"/>
    <property name="sun.jnu.encoding" value="MS874"/>
    <property name="java.class.path" value="D:\WK\SpringBoot\my-boot\target\test-classes;D:\WK\SpringBoot\my-boot\target\classes;D:\repository\repositoryP\org\springframework\boot\spring-boot-starter-web\2.0.2.RELEASE\spring-boot-starter-web-2.0.2.RELEASE.jar;D:\repository\repositoryP\org\springframework\boot\spring-boot-starter\2.0.2.RELEASE\spring-boot-starter-2.0.2.RELEASE.jar;D:\repository\repositoryP\org\springframework\boot\spring-boot\2.0.2.RELEASE\spring-boot-2.0.2.RELEASE.jar;D:\repository\repositoryP\org\springframework\boot\spring-boot-autoconfigure\2.0.2.RELEASE\spring-boot-autoconfigure-2.0.2.RELEASE.jar;D:\repository\repositoryP\org\springframework\boot\spring-boot-starter-logging\2.0.2.RELEASE\spring-boot-starter-logging-2.0.2.RELEASE.jar;D:\repository\repositoryP\ch\qos\logback\logback-classic\1.2.3\logback-classic-1.2.3.jar;D:\repository\repositoryP\ch\qos\logback\logback-core\1.2.3\logback-core-1.2.3.jar;D:\repository\repositoryP\org\apache\logging\log4j\log4j-to-slf4j\2.10.0\log4j-to-slf4j-2.10.0.jar;D:\repository\repositoryP\org\apache\logging\log4j\log4j-api\2.10.0\log4j-api-2.10.0.jar;D:\repository\repositoryP\org\slf4j\jul-to-slf4j\1.7.25\jul-to-slf4j-1.7.25.jar;D:\repository\repositoryP\javax\annotation\javax.annotation-api\1.3.2\javax.annotation-api-1.3.2.jar;D:\repository\repositoryP\org\yaml\snakeyaml\1.19\snakeyaml-1.19.jar;D:\repository\repositoryP\org\springframework\boot\spring-boot-starter-json\2.0.2.RELEASE\spring-boot-starter-json-2.0.2.RELEASE.jar;D:\repository\repositoryP\com\fasterxml\jackson\core\jackson-databind\2.9.5\jackson-databind-2.9.5.jar;D:\repository\repositoryP\com\fasterxml\jackson\core\jackson-annotations\2.9.0\jackson-annotations-2.9.0.jar;D:\repository\repositoryP\com\fasterxml\jackson\core\jackson-core\2.9.5\jackson-core-2.9.5.jar;D:\repository\repositoryP\com\fasterxml\jackson\datatype\jackson-datatype-jdk8\2.9.5\jackson-datatype-jdk8-2.9.5.jar;D:\repository\repositoryP\com\fasterxml\jackson\datatype\jackson-datatype-jsr310\2.9.5\jackson-datatype-jsr310-2.9.5.jar;D:\repository\repositoryP\com\fasterxml\jackson\module\jackson-module-parameter-names\2.9.5\jackson-module-parameter-names-2.9.5.jar;D:\repository\repositoryP\org\hibernate\validator\hibernate-validator\6.0.9.Final\hibernate-validator-6.0.9.Final.jar;D:\repository\repositoryP\javax\validation\validation-api\2.0.1.Final\validation-api-2.0.1.Final.jar;D:\repository\repositoryP\org\jboss\logging\jboss-logging\3.3.2.Final\jboss-logging-3.3.2.Final.jar;D:\repository\repositoryP\com\fasterxml\classmate\1.3.4\classmate-1.3.4.jar;D:\repository\repositoryP\org\springframework\spring-web\5.0.6.RELEASE\spring-web-5.0.6.RELEASE.jar;D:\repository\repositoryP\org\springframework\spring-beans\5.0.6.RELEASE\spring-beans-5.0.6.RELEASE.jar;D:\repository\repositoryP\org\springframework\spring-webmvc\5.0.6.RELEASE\spring-webmvc-5.0.6.RELEASE.jar;D:\repository\repositoryP\org\springframework\spring-aop\5.0.6.RELEASE\spring-aop-5.0.6.RELEASE.jar;D:\repository\repositoryP\org\springframework\spring-context\5.0.6.RELEASE\spring-context-5.0.6.RELEASE.jar;D:\repository\repositoryP\org\springframework\spring-expression\5.0.6.RELEASE\spring-expression-5.0.6.RELEASE.jar;D:\repository\repositoryP\org\springframework\boot\spring-boot-starter-jetty\2.0.2.RELEASE\spring-boot-starter-jetty-2.0.2.RELEASE.jar;D:\repository\repositoryP\org\eclipse\jetty\jetty-servlets\9.4.10.v20180503\jetty-servlets-9.4.10.v20180503.jar;D:\repository\repositoryP\org\eclipse\jetty\jetty-continuation\9.4.10.v20180503\jetty-continuation-9.4.10.v20180503.jar;D:\repository\repositoryP\org\eclipse\jetty\jetty-http\9.4.10.v20180503\jetty-http-9.4.10.v20180503.jar;D:\repository\repositoryP\org\eclipse\jetty\jetty-util\9.4.10.v20180503\jetty-util-9.4.10.v20180503.jar;D:\repository\repositoryP\org\eclipse\jetty\jetty-io\9.4.10.v20180503\jetty-io-9.4.10.v20180503.jar;D:\repository\repositoryP\org\eclipse\jetty\jetty-webapp\9.4.10.v20180503\jetty-webapp-9.4.10.v20180503.jar;D:\repository\repositoryP\org\eclipse\jetty\jetty-xml\9.4.10.v20180503\jetty-xml-9.4.10.v20180503.jar;D:\repository\repositoryP\org\eclipse\jetty\jetty-servlet\9.4.10.v20180503\jetty-servlet-9.4.10.v20180503.jar;D:\repository\repositoryP\org\eclipse\jetty\jetty-security\9.4.10.v20180503\jetty-security-9.4.10.v20180503.jar;D:\repository\repositoryP\org\eclipse\jetty\jetty-server\9.4.10.v20180503\jetty-server-9.4.10.v20180503.jar;D:\repository\repositoryP\org\eclipse\jetty\websocket\websocket-server\9.4.10.v20180503\websocket-server-9.4.10.v20180503.jar;D:\repository\repositoryP\org\eclipse\jetty\websocket\websocket-common\9.4.10.v20180503\websocket-common-9.4.10.v20180503.jar;D:\repository\repositoryP\org\eclipse\jetty\websocket\websocket-api\9.4.10.v20180503\websocket-api-9.4.10.v20180503.jar;D:\repository\repositoryP\org\eclipse\jetty\websocket\websocket-client\9.4.10.v20180503\websocket-client-9.4.10.v20180503.jar;D:\repository\repositoryP\org\eclipse\jetty\jetty-client\9.4.10.v20180503\jetty-client-9.4.10.v20180503.jar;D:\repository\repositoryP\org\eclipse\jetty\websocket\websocket-servlet\9.4.10.v20180503\websocket-servlet-9.4.10.v20180503.jar;D:\repository\repositoryP\javax\servlet\javax.servlet-api\3.1.0\javax.servlet-api-3.1.0.jar;D:\repository\repositoryP\org\eclipse\jetty\websocket\javax-websocket-server-impl\9.4.10.v20180503\javax-websocket-server-impl-9.4.10.v20180503.jar;D:\repository\repositoryP\org\eclipse\jetty\jetty-annotations\9.4.10.v20180503\jetty-annotations-9.4.10.v20180503.jar;D:\repository\repositoryP\org\eclipse\jetty\jetty-plus\9.4.10.v20180503\jetty-plus-9.4.10.v20180503.jar;D:\repository\repositoryP\org\ow2\asm\asm\6.1.1\asm-6.1.1.jar;D:\repository\repositoryP\org\ow2\asm\asm-commons\6.1.1\asm-commons-6.1.1.jar;D:\repository\repositoryP\org\ow2\asm\asm-tree\6.1.1\asm-tree-6.1.1.jar;D:\repository\repositoryP\org\ow2\asm\asm-analysis\6.1.1\asm-analysis-6.1.1.jar;D:\repository\repositoryP\org\eclipse\jetty\websocket\javax-websocket-client-impl\9.4.10.v20180503\javax-websocket-client-impl-9.4.10.v20180503.jar;D:\repository\repositoryP\javax\websocket\javax.websocket-api\1.0\javax.websocket-api-1.0.jar;D:\repository\repositoryP\org\mortbay\jasper\apache-el\8.5.24.2\apache-el-8.5.24.2.jar;D:\repository\repositoryP\org\springframework\boot\spring-boot-starter-actuator\2.0.2.RELEASE\spring-boot-starter-actuator-2.0.2.RELEASE.jar;D:\repository\repositoryP\org\springframework\boot\spring-boot-actuator-autoconfigure\2.0.2.RELEASE\spring-boot-actuator-autoconfigure-2.0.2.RELEASE.jar;D:\repository\repositoryP\org\springframework\boot\spring-boot-actuator\2.0.2.RELEASE\spring-boot-actuator-2.0.2.RELEASE.jar;D:\repository\repositoryP\io\micrometer\micrometer-core\1.0.4\micrometer-core-1.0.4.jar;D:\repository\repositoryP\org\hdrhistogram\HdrHistogram\2.1.10\HdrHistogram-2.1.10.jar;D:\repository\repositoryP\org\latencyutils\LatencyUtils\2.0.3\LatencyUtils-2.0.3.jar;D:\repository\repositoryP\org\springframework\boot\spring-boot-starter-test\2.0.2.RELEASE\spring-boot-starter-test-2.0.2.RELEASE.jar;D:\repository\repositoryP\org\springframework\boot\spring-boot-test\2.0.2.RELEASE\spring-boot-test-2.0.2.RELEASE.jar;D:\repository\repositoryP\org\springframework\boot\spring-boot-test-autoconfigure\2.0.2.RELEASE\spring-boot-test-autoconfigure-2.0.2.RELEASE.jar;D:\repository\repositoryP\com\jayway\jsonpath\json-path\2.4.0\json-path-2.4.0.jar;D:\repository\repositoryP\net\minidev\json-smart\2.3\json-smart-2.3.jar;D:\repository\repositoryP\net\minidev\accessors-smart\1.2\accessors-smart-1.2.jar;D:\repository\repositoryP\org\slf4j\slf4j-api\1.7.25\slf4j-api-1.7.25.jar;D:\repository\repositoryP\org\assertj\assertj-core\3.9.1\assertj-core-3.9.1.jar;D:\repository\repositoryP\org\mockito\mockito-core\2.15.0\mockito-core-2.15.0.jar;D:\repository\repositoryP\net\bytebuddy\byte-buddy\1.7.11\byte-buddy-1.7.11.jar;D:\repository\repositoryP\net\bytebuddy\byte-buddy-agent\1.7.11\byte-buddy-agent-1.7.11.jar;D:\repository\repositoryP\org\objenesis\objenesis\2.6\objenesis-2.6.jar;D:\repository\repositoryP\org\hamcrest\hamcrest-core\1.3\hamcrest-core-1.3.jar;D:\repository\repositoryP\org\hamcrest\hamcrest-library\1.3\hamcrest-library-1.3.jar;D:\repository\repositoryP\org\skyscreamer\jsonassert\1.5.0\jsonassert-1.5.0.jar;D:\repository\repositoryP\com\vaadin\external\google\android-json\0.0.20131108.vaadin1\android-json-0.0.20131108.vaadin1.jar;D:\repository\repositoryP\org\springframework\spring-core\5.0.6.RELEASE\spring-core-5.0.6.RELEASE.jar;D:\repository\repositoryP\org\springframework\spring-jcl\5.0.6.RELEASE\spring-jcl-5.0.6.RELEASE.jar;D:\repository\repositoryP\org\springframework\spring-test\5.0.6.RELEASE\spring-test-5.0.6.RELEASE.jar;D:\repository\repositoryP\org\xmlunit\xmlunit-core\2.5.1\xmlunit-core-2.5.1.jar;D:\repository\repositoryP\junit\junit\3.8.1\junit-3.8.1.jar;D:\repository\repositoryP\org\webjars\bootstrap\3.3.7\bootstrap-3.3.7.jar;D:\repository\repositoryP\org\webjars\jquery\1.11.1\jquery-1.11.1.jar;"/>
    <property name="java.vm.vendor" value="Oracle Corporation"/>
    <property name="sun.arch.data.model" value="64"/>
    <property name="user.variant" value=""/>
    <property name="java.vendor.url" value="http://java.oracle.com/"/>
    <property name="user.timezone" value="Asia/Bangkok"/>
    <property name="java.vm.specification.version" value="1.8"/>
    <property name="os.name" value="Windows 8.1"/>
    <property name="user.country" value="US"/>
    <property name="sun.java.launcher" value="SUN_STANDARD"/>
    <property name="sun.boot.library.path" value="C:\Program Files\Java\jdk1.8.0_25\jre\bin"/>
    <property name="sun.java.command" value="C:\Users\ARIYAK~1.PTT\AppData\Local\Temp\surefire4029117819371462282\surefirebooter4439497420214034951.jar C:\Users\ariya.k.PTTDIGITAL\AppData\Local\Temp\surefire4029117819371462282 2018-05-11T15-55-05_966-jvmRun1 surefire7988421851853979620tmp surefire_03726792244890653188tmp"/>
    <property name="surefire.test.class.path" value="D:\WK\SpringBoot\my-boot\target\test-classes;D:\WK\SpringBoot\my-boot\target\classes;D:\repository\repositoryP\org\springframework\boot\spring-boot-starter-web\2.0.2.RELEASE\spring-boot-starter-web-2.0.2.RELEASE.jar;D:\repository\repositoryP\org\springframework\boot\spring-boot-starter\2.0.2.RELEASE\spring-boot-starter-2.0.2.RELEASE.jar;D:\repository\repositoryP\org\springframework\boot\spring-boot\2.0.2.RELEASE\spring-boot-2.0.2.RELEASE.jar;D:\repository\repositoryP\org\springframework\boot\spring-boot-autoconfigure\2.0.2.RELEASE\spring-boot-autoconfigure-2.0.2.RELEASE.jar;D:\repository\repositoryP\org\springframework\boot\spring-boot-starter-logging\2.0.2.RELEASE\spring-boot-starter-logging-2.0.2.RELEASE.jar;D:\repository\repositoryP\ch\qos\logback\logback-classic\1.2.3\logback-classic-1.2.3.jar;D:\repository\repositoryP\ch\qos\logback\logback-core\1.2.3\logback-core-1.2.3.jar;D:\repository\repositoryP\org\apache\logging\log4j\log4j-to-slf4j\2.10.0\log4j-to-slf4j-2.10.0.jar;D:\repository\repositoryP\org\apache\logging\log4j\log4j-api\2.10.0\log4j-api-2.10.0.jar;D:\repository\repositoryP\org\slf4j\jul-to-slf4j\1.7.25\jul-to-slf4j-1.7.25.jar;D:\repository\repositoryP\javax\annotation\javax.annotation-api\1.3.2\javax.annotation-api-1.3.2.jar;D:\repository\repositoryP\org\yaml\snakeyaml\1.19\snakeyaml-1.19.jar;D:\repository\repositoryP\org\springframework\boot\spring-boot-starter-json\2.0.2.RELEASE\spring-boot-starter-json-2.0.2.RELEASE.jar;D:\repository\repositoryP\com\fasterxml\jackson\core\jackson-databind\2.9.5\jackson-databind-2.9.5.jar;D:\repository\repositoryP\com\fasterxml\jackson\core\jackson-annotations\2.9.0\jackson-annotations-2.9.0.jar;D:\repository\repositoryP\com\fasterxml\jackson\core\jackson-core\2.9.5\jackson-core-2.9.5.jar;D:\repository\repositoryP\com\fasterxml\jackson\datatype\jackson-datatype-jdk8\2.9.5\jackson-datatype-jdk8-2.9.5.jar;D:\repository\repositoryP\com\fasterxml\jackson\datatype\jackson-datatype-jsr310\2.9.5\jackson-datatype-jsr310-2.9.5.jar;D:\repository\repositoryP\com\fasterxml\jackson\module\jackson-module-parameter-names\2.9.5\jackson-module-parameter-names-2.9.5.jar;D:\repository\repositoryP\org\hibernate\validator\hibernate-validator\6.0.9.Final\hibernate-validator-6.0.9.Final.jar;D:\repository\repositoryP\javax\validation\validation-api\2.0.1.Final\validation-api-2.0.1.Final.jar;D:\repository\repositoryP\org\jboss\logging\jboss-logging\3.3.2.Final\jboss-logging-3.3.2.Final.jar;D:\repository\repositoryP\com\fasterxml\classmate\1.3.4\classmate-1.3.4.jar;D:\repository\repositoryP\org\springframework\spring-web\5.0.6.RELEASE\spring-web-5.0.6.RELEASE.jar;D:\repository\repositoryP\org\springframework\spring-beans\5.0.6.RELEASE\spring-beans-5.0.6.RELEASE.jar;D:\repository\repositoryP\org\springframework\spring-webmvc\5.0.6.RELEASE\spring-webmvc-5.0.6.RELEASE.jar;D:\repository\repositoryP\org\springframework\spring-aop\5.0.6.RELEASE\spring-aop-5.0.6.RELEASE.jar;D:\repository\repositoryP\org\springframework\spring-context\5.0.6.RELEASE\spring-context-5.0.6.RELEASE.jar;D:\repository\repositoryP\org\springframework\spring-expression\5.0.6.RELEASE\spring-expression-5.0.6.RELEASE.jar;D:\repository\repositoryP\org\springframework\boot\spring-boot-starter-jetty\2.0.2.RELEASE\spring-boot-starter-jetty-2.0.2.RELEASE.jar;D:\repository\repositoryP\org\eclipse\jetty\jetty-servlets\9.4.10.v20180503\jetty-servlets-9.4.10.v20180503.jar;D:\repository\repositoryP\org\eclipse\jetty\jetty-continuation\9.4.10.v20180503\jetty-continuation-9.4.10.v20180503.jar;D:\repository\repositoryP\org\eclipse\jetty\jetty-http\9.4.10.v20180503\jetty-http-9.4.10.v20180503.jar;D:\repository\repositoryP\org\eclipse\jetty\jetty-util\9.4.10.v20180503\jetty-util-9.4.10.v20180503.jar;D:\repository\repositoryP\org\eclipse\jetty\jetty-io\9.4.10.v20180503\jetty-io-9.4.10.v20180503.jar;D:\repository\repositoryP\org\eclipse\jetty\jetty-webapp\9.4.10.v20180503\jetty-webapp-9.4.10.v20180503.jar;D:\repository\repositoryP\org\eclipse\jetty\jetty-xml\9.4.10.v20180503\jetty-xml-9.4.10.v20180503.jar;D:\repository\repositoryP\org\eclipse\jetty\jetty-servlet\9.4.10.v20180503\jetty-servlet-9.4.10.v20180503.jar;D:\repository\repositoryP\org\eclipse\jetty\jetty-security\9.4.10.v20180503\jetty-security-9.4.10.v20180503.jar;D:\repository\repositoryP\org\eclipse\jetty\jetty-server\9.4.10.v20180503\jetty-server-9.4.10.v20180503.jar;D:\repository\repositoryP\org\eclipse\jetty\websocket\websocket-server\9.4.10.v20180503\websocket-server-9.4.10.v20180503.jar;D:\repository\repositoryP\org\eclipse\jetty\websocket\websocket-common\9.4.10.v20180503\websocket-common-9.4.10.v20180503.jar;D:\repository\repositoryP\org\eclipse\jetty\websocket\websocket-api\9.4.10.v20180503\websocket-api-9.4.10.v20180503.jar;D:\repository\repositoryP\org\eclipse\jetty\websocket\websocket-client\9.4.10.v20180503\websocket-client-9.4.10.v20180503.jar;D:\repository\repositoryP\org\eclipse\jetty\jetty-client\9.4.10.v20180503\jetty-client-9.4.10.v20180503.jar;D:\repository\repositoryP\org\eclipse\jetty\websocket\websocket-servlet\9.4.10.v20180503\websocket-servlet-9.4.10.v20180503.jar;D:\repository\repositoryP\javax\servlet\javax.servlet-api\3.1.0\javax.servlet-api-3.1.0.jar;D:\repository\repositoryP\org\eclipse\jetty\websocket\javax-websocket-server-impl\9.4.10.v20180503\javax-websocket-server-impl-9.4.10.v20180503.jar;D:\repository\repositoryP\org\eclipse\jetty\jetty-annotations\9.4.10.v20180503\jetty-annotations-9.4.10.v20180503.jar;D:\repository\repositoryP\org\eclipse\jetty\jetty-plus\9.4.10.v20180503\jetty-plus-9.4.10.v20180503.jar;D:\repository\repositoryP\org\ow2\asm\asm\6.1.1\asm-6.1.1.jar;D:\repository\repositoryP\org\ow2\asm\asm-commons\6.1.1\asm-commons-6.1.1.jar;D:\repository\repositoryP\org\ow2\asm\asm-tree\6.1.1\asm-tree-6.1.1.jar;D:\repository\repositoryP\org\ow2\asm\asm-analysis\6.1.1\asm-analysis-6.1.1.jar;D:\repository\repositoryP\org\eclipse\jetty\websocket\javax-websocket-client-impl\9.4.10.v20180503\javax-websocket-client-impl-9.4.10.v20180503.jar;D:\repository\repositoryP\javax\websocket\javax.websocket-api\1.0\javax.websocket-api-1.0.jar;D:\repository\repositoryP\org\mortbay\jasper\apache-el\8.5.24.2\apache-el-8.5.24.2.jar;D:\repository\repositoryP\org\springframework\boot\spring-boot-starter-actuator\2.0.2.RELEASE\spring-boot-starter-actuator-2.0.2.RELEASE.jar;D:\repository\repositoryP\org\springframework\boot\spring-boot-actuator-autoconfigure\2.0.2.RELEASE\spring-boot-actuator-autoconfigure-2.0.2.RELEASE.jar;D:\repository\repositoryP\org\springframework\boot\spring-boot-actuator\2.0.2.RELEASE\spring-boot-actuator-2.0.2.RELEASE.jar;D:\repository\repositoryP\io\micrometer\micrometer-core\1.0.4\micrometer-core-1.0.4.jar;D:\repository\repositoryP\org\hdrhistogram\HdrHistogram\2.1.10\HdrHistogram-2.1.10.jar;D:\repository\repositoryP\org\latencyutils\LatencyUtils\2.0.3\LatencyUtils-2.0.3.jar;D:\repository\repositoryP\org\springframework\boot\spring-boot-starter-test\2.0.2.RELEASE\spring-boot-starter-test-2.0.2.RELEASE.jar;D:\repository\repositoryP\org\springframework\boot\spring-boot-test\2.0.2.RELEASE\spring-boot-test-2.0.2.RELEASE.jar;D:\repository\repositoryP\org\springframework\boot\spring-boot-test-autoconfigure\2.0.2.RELEASE\spring-boot-test-autoconfigure-2.0.2.RELEASE.jar;D:\repository\repositoryP\com\jayway\jsonpath\json-path\2.4.0\json-path-2.4.0.jar;D:\repository\repositoryP\net\minidev\json-smart\2.3\json-smart-2.3.jar;D:\repository\repositoryP\net\minidev\accessors-smart\1.2\accessors-smart-1.2.jar;D:\repository\repositoryP\org\slf4j\slf4j-api\1.7.25\slf4j-api-1.7.25.jar;D:\repository\repositoryP\org\assertj\assertj-core\3.9.1\assertj-core-3.9.1.jar;D:\repository\repositoryP\org\mockito\mockito-core\2.15.0\mockito-core-2.15.0.jar;D:\repository\repositoryP\net\bytebuddy\byte-buddy\1.7.11\byte-buddy-1.7.11.jar;D:\repository\repositoryP\net\bytebuddy\byte-buddy-agent\1.7.11\byte-buddy-agent-1.7.11.jar;D:\repository\repositoryP\org\objenesis\objenesis\2.6\objenesis-2.6.jar;D:\repository\repositoryP\org\hamcrest\hamcrest-core\1.3\hamcrest-core-1.3.jar;D:\repository\repositoryP\org\hamcrest\hamcrest-library\1.3\hamcrest-library-1.3.jar;D:\repository\repositoryP\org\skyscreamer\jsonassert\1.5.0\jsonassert-1.5.0.jar;D:\repository\repositoryP\com\vaadin\external\google\android-json\0.0.20131108.vaadin1\android-json-0.0.20131108.vaadin1.jar;D:\repository\repositoryP\org\springframework\spring-core\5.0.6.RELEASE\spring-core-5.0.6.RELEASE.jar;D:\repository\repositoryP\org\springframework\spring-jcl\5.0.6.RELEASE\spring-jcl-5.0.6.RELEASE.jar;D:\repository\repositoryP\org\springframework\spring-test\5.0.6.RELEASE\spring-test-5.0.6.RELEASE.jar;D:\repository\repositoryP\org\xmlunit\xmlunit-core\2.5.1\xmlunit-core-2.5.1.jar;D:\repository\repositoryP\junit\junit\3.8.1\junit-3.8.1.jar;D:\repository\repositoryP\org\webjars\bootstrap\3.3.7\bootstrap-3.3.7.jar;D:\repository\repositoryP\org\webjars\jquery\1.11.1\jquery-1.11.1.jar;"/>
    <property name="sun.cpu.endian" value="little"/>
    <property name="user.home" value="C:\Users\ariya.k.PTTDIGITAL"/>
    <property name="user.language" value="en"/>
    <property name="java.specification.vendor" value="Oracle Corporation"/>
    <property name="java.home" value="C:\Program Files\Java\jdk1.8.0_25\jre"/>
    <property name="basedir" value="D:\WK\SpringBoot\my-boot"/>
    <property name="file.separator" value="\"/>
    <property name="line.separator" value="&#10;"/>
    <property name="java.vm.specification.vendor" value="Oracle Corporation"/>
    <property name="java.specification.name" value="Java Platform API Specification"/>
    <property name="java.awt.graphicsenv" value="sun.awt.Win32GraphicsEnvironment"/>
    <property name="surefire.real.class.path" value="C:\Users\ARIYAK~1.PTT\AppData\Local\Temp\surefire4029117819371462282\surefirebooter4439497420214034951.jar"/>
    <property name="sun.boot.class.path" value="C:\Program Files\Java\jdk1.8.0_25\jre\lib\resources.jar;C:\Program Files\Java\jdk1.8.0_25\jre\lib\rt.jar;C:\Program Files\Java\jdk1.8.0_25\jre\lib\sunrsasign.jar;C:\Program Files\Java\jdk1.8.0_25\jre\lib\jsse.jar;C:\Program Files\Java\jdk1.8.0_25\jre\lib\jce.jar;C:\Program Files\Java\jdk1.8.0_25\jre\lib\charsets.jar;C:\Program Files\Java\jdk1.8.0_25\jre\lib\jfr.jar;C:\Program Files\Java\jdk1.8.0_25\jre\classes"/>
    <property name="user.script" value=""/>
    <property name="sun.management.compiler" value="HotSpot 64-Bit Tiered Compilers"/>
    <property name="java.runtime.version" value="1.8.0_25-b18"/>
    <property name="user.name" value="ariya.k"/>
    <property name="path.separator" value=";"/>
    <property name="os.version" value="6.3"/>
    <property name="java.endorsed.dirs" value="C:\Program Files\Java\jdk1.8.0_25\jre\lib\endorsed"/>
    <property name="java.runtime.name" value="Java(TM) SE Runtime Environment"/>
    <property name="file.encoding" value="MS874"/>
    <property name="java.vm.name" value="Java HotSpot(TM) 64-Bit Server VM"/>
    <property name="localRepository" value="D:\repository\repositoryP"/>
    <property name="java.vendor.url.bug" value="http://bugreport.sun.com/bugreport/"/>
    <property name="java.io.tmpdir" value="C:\Users\ARIYAK~1.PTT\AppData\Local\Temp\"/>
    <property name="java.version" value="1.8.0_25"/>
    <property name="user.dir" value="D:\WK\SpringBoot\my-boot"/>
    <property name="os.arch" value="amd64"/>
    <property name="java.vm.specification.name" value="Java Virtual Machine Specification"/>
    <property name="java.awt.printerjob" value="sun.awt.windows.WPrinterJob"/>
    <property name="sun.os.patch.level" value=""/>
    <property name="java.library.path" value="C:\Program Files\Java\jdk1.8.0_25\jre\bin;C:\Windows\Sun\Java\bin;C:\Windows\system32;C:\Windows;C:/Program Files (x86)/Java/jre1.8.0_91/bin/client;C:/Program Files (x86)/Java/jre1.8.0_91/bin;C:/Program Files (x86)/Java/jre1.8.0_91/lib/i386;C:\python3\;C:\python3\Scripts;C:\app\client\ariya.k\product\12.1.0\client_2;C:\app\client\ariya.k\product\12.1.0\client_2\bin;C:\Program Files\Microsoft MPI\Bin\;C:\oraclexe\app\oracle\product\11.2.0\server\bin;C:\app\client\ariya.k\product\12.1.0\client_1;C:\app\client\ariya.k\product\12.1.0\client_1\bin;C:\oracle\Ora10g\bin;C:\ProgramData\Oracle\Java\javapath;C:\Program Files (x86)\Intel\iCLS Client\;C:\Program Files\Intel\iCLS Client\;C:\Windows\system32;C:\Windows;C:\Windows\System32\Wbem;C:\Windows\System32\WindowsPowerShell\v1.0\;C:\Program Files\Intel\Intel(R) Management Engine Components\DAL;C:\Program Files (x86)\Intel\Intel(R) Management Engine Components\DAL;C:\Program Files\Intel\Intel(R) Management Engine Components\IPT;C:\Program Files (x86)\Intel\Intel(R) Management Engine Components\IPT;C:\Program Files (x86)\ATI Technologies\ATI.ACE\Core-Static;C:\Program Files\Microsoft SQL Server\120\Tools\Binn\;C:\Program Files (x86)\Java\jdk1.7.0_80\bin;C:\my\apache-maven-3.2.5\bin;C:\Program Files (x86)\Microsoft SQL Server\130\Tools\Binn\;C:\Program Files\Microsoft SQL Server\130\Tools\Binn\;C:\Program Files (x86)\Microsoft SQL Server\130\DTS\Binn\;C:\Program Files\Microsoft SQL Server\130\DTS\Binn\;C:\Program Files\Microsoft SQL Server\Client SDK\ODBC\130\Tools\Binn\;C:\Program Files\dotnet\;C:\Program Files (x86)\Microsoft SQL Server\Client SDK\ODBC\130\Tools\Binn\;C:\Program Files (x86)\Microsoft SQL Server\140\Tools\Binn\;C:\Program Files (x86)\Microsoft SQL Server\140\DTS\Binn\;C:\Program Files (x86)\Microsoft SQL Server\140\Tools\Binn\ManagementStudio\;C:\Program Files\Git\cmd;C:\Gradle\gradle-2.12\bin;C:\my\doc\sonarQube\sonar-scanner-2.6\bin;C:\Go\bin;C:\TDM-GCC-64\bin;C:\Windows\system32\config\systemprofile\.dnx\bin;C:\Program Files\Microsoft DNX\Dnvm\;C:\Program Files (x86)\Windows Kits\10\Windows Performance Toolkit\;C:\ProgramData\chocolatey\bin;C:\Program Files\nodejs\;C:\Program Files\TortoiseSVN\bin;;C:\Program Files\Docker Toolbox;C:\Program Files\Microsoft VS Code\bin;C:\Users\ariya.k.PTTDIGITAL\AppData\Roaming\npm;C:\my\eclipse_luna;;."/>
    <property name="java.vm.info" value="mixed mode"/>
    <property name="java.vendor" value="Oracle Corporation"/>
    <property name="java.vm.version" value="25.25-b02"/>
    <property name="java.ext.dirs" value="C:\Program Files\Java\jdk1.8.0_25\jre\lib\ext;C:\Windows\Sun\Java\lib\ext"/>
    <property name="sun.io.unicode.encoding" value="UnicodeLittle"/>
    <property name="java.class.version" value="52.0"/>
  </properties>
  <testcase name="testApp" classname="com.poo.boot.my_boot.AppTest" time="0.001"/>
</testsuite>